This file contains any messages produced by compilers while
running configure, to aid debugging if configure makes a mistake.

It was created by libltdl configure 1.2, which was
generated by GNU Autoconf 2.61.  Invocation command line was

  $ ./configure --prefix=/usr/local --enable-jpeg --enable-png --enable-tiff CPPFLAGS=-fPIC -fpermissive -Wwrite-strings --enable-ltdl-convenience --cache-file=/dev/null --srcdir=.

## --------- ##
## Platform. ##
## --------- ##

hostname = truf-laptop
uname -m = x86_64
uname -r = 4.18.0-11-generic
uname -s = Linux
uname -v = #12-Ubuntu SMP Tue Oct 23 19:22:37 UTC 2018

/usr/bin/uname -p = unknown
/bin/uname -X     = unknown

/bin/arch              = unknown
/usr/bin/arch -k       = unknown
/usr/convex/getsysinfo = unknown
/usr/bin/hostinfo      = unknown
/bin/machine           = unknown
/usr/bin/oslevel       = unknown
/bin/universe          = unknown

PATH: /usr/local/sbin
PATH: /usr/local/bin
PATH: /usr/sbin
PATH: /usr/bin
PATH: /sbin
PATH: /bin
PATH: /usr/games
PATH: /usr/local/games
PATH: /snap/bin


## ----------- ##
## Core tests. ##
## ----------- ##

configure:2014: checking for a BSD-compatible install
configure:2070: result: /usr/bin/install -c
configure:2081: checking whether build environment is sane
configure:2124: result: yes
configure:2189: checking for gawk
configure:2205: found /usr/bin/gawk
configure:2216: result: gawk
configure:2227: checking whether make sets $(MAKE)
configure:2248: result: yes
configure:2478: checking for gcc
configure:2494: found /usr/bin/gcc
configure:2505: result: gcc
configure:2743: checking for C compiler version
configure:2750: gcc --version >&5
gcc (Ubuntu 8.2.0-7ubuntu1) 8.2.0
Copyright (C) 2018 Free Software Foundation, Inc.
This is free software; see the source for copying conditions.  There is NO
warranty; not even for MERCHANTABILITY or FITNESS FOR A PARTICULAR PURPOSE.

configure:2753: $? = 0
configure:2760: gcc -v >&5
Using built-in specs.
COLLECT_GCC=gcc
COLLECT_LTO_WRAPPER=/usr/lib/gcc/x86_64-linux-gnu/8/lto-wrapper
OFFLOAD_TARGET_NAMES=nvptx-none
OFFLOAD_TARGET_DEFAULT=1
Target: x86_64-linux-gnu
Configured with: ../src/configure -v --with-pkgversion='Ubuntu 8.2.0-7ubuntu1' --with-bugurl=file:///usr/share/doc/gcc-8/README.Bugs --enable-languages=c,ada,c++,go,brig,d,fortran,objc,obj-c++ --prefix=/usr --with-gcc-major-version-only --program-suffix=-8 --program-prefix=x86_64-linux-gnu- --enable-shared --enable-linker-build-id --libexecdir=/usr/lib --without-included-gettext --enable-threads=posix --libdir=/usr/lib --enable-nls --with-sysroot=/ --enable-clocale=gnu --enable-libstdcxx-debug --enable-libstdcxx-time=yes --with-default-libstdcxx-abi=new --enable-gnu-unique-object --disable-vtable-verify --enable-libmpx --enable-plugin --enable-default-pie --with-system-zlib --with-target-system-zlib --enable-objc-gc=auto --enable-multiarch --disable-werror --with-arch-32=i686 --with-abi=m64 --with-multilib-list=m32,m64,mx32 --enable-multilib --with-tune=generic --enable-offload-targets=nvptx-none --without-cuda-driver --enable-checking=release --build=x86_64-linux-gnu --host=x86_64-linux-gnu --target=x86_64-linux-gnu
Thread model: posix
gcc version 8.2.0 (Ubuntu 8.2.0-7ubuntu1) 
configure:2763: $? = 0
configure:2770: gcc -V >&5
gcc: error: unrecognized command line option '-V'
gcc: fatal error: no input files
compilation terminated.
configure:2773: $? = 1
configure:2796: checking for C compiler default output file name
configure:2823: gcc  -fPIC -fpermissive -Wwrite-strings  conftest.c  >&5
cc1: warning: command line option '-fpermissive' is valid for C++/ObjC++ but not for C
configure:2826: $? = 0
configure:2864: result: a.out
configure:2881: checking whether the C compiler works
configure:2891: ./a.out
configure:2894: $? = 0
configure:2911: result: yes
configure:2918: checking whether we are cross compiling
configure:2920: result: no
configure:2923: checking for suffix of executables
configure:2930: gcc -o conftest  -fPIC -fpermissive -Wwrite-strings  conftest.c  >&5
cc1: warning: command line option '-fpermissive' is valid for C++/ObjC++ but not for C
configure:2933: $? = 0
configure:2957: result: 
configure:2963: checking for suffix of object files
configure:2989: gcc -c  -fPIC -fpermissive -Wwrite-strings conftest.c >&5
cc1: warning: command line option '-fpermissive' is valid for C++/ObjC++ but not for C
configure:2992: $? = 0
configure:3015: result: o
configure:3019: checking whether we are using the GNU C compiler
configure:3048: gcc -c  -fPIC -fpermissive -Wwrite-strings conftest.c >&5
cc1: warning: command line option '-fpermissive' is valid for C++/ObjC++ but not for C
configure:3054: $? = 0
configure:3071: result: yes
configure:3076: checking whether gcc accepts -g
configure:3106: gcc -c -g -fPIC -fpermissive -Wwrite-strings conftest.c >&5
cc1: warning: command line option '-fpermissive' is valid for C++/ObjC++ but not for C
configure:3112: $? = 0
configure: failed program was:
| /* confdefs.h.  */
| #define PACKAGE_NAME "libltdl"
| #define PACKAGE_TARNAME "libltdl"
| #define PACKAGE_VERSION "1.2"
| #define PACKAGE_STRING "libltdl 1.2"
| #define PACKAGE_BUGREPORT "bug-libtool@gnu.org"
| /* end confdefs.h.  */
| 
| int
| main ()
| {
| 
|   ;
|   return 0;
| }
configure:3144: gcc -c  -fPIC -fpermissive -Wwrite-strings conftest.c >&5
cc1: warning: command line option '-fpermissive' is valid for C++/ObjC++ but not for C
configure:3150: $? = 0
configure: failed program was:
| /* confdefs.h.  */
| #define PACKAGE_NAME "libltdl"
| #define PACKAGE_TARNAME "libltdl"
| #define PACKAGE_VERSION "1.2"
| #define PACKAGE_STRING "libltdl 1.2"
| #define PACKAGE_BUGREPORT "bug-libtool@gnu.org"
| /* end confdefs.h.  */
| 
| int
| main ()
| {
| 
|   ;
|   return 0;
| }
configure:3183: gcc -c -g -fPIC -fpermissive -Wwrite-strings conftest.c >&5
cc1: warning: command line option '-fpermissive' is valid for C++/ObjC++ but not for C
configure:3189: $? = 0
configure:3211: result: yes
configure:3228: checking for gcc option to accept ISO C89
configure:3302: gcc  -c -g -O2 -fPIC -fpermissive -Wwrite-strings conftest.c >&5
cc1: warning: command line option '-fpermissive' is valid for C++/ObjC++ but not for C
configure:3308: $? = 0
configure:3331: result: none needed
configure:3360: checking for style of include used by make
configure:3388: result: GNU
configure:3416: checking dependency style of gcc
configure:3506: result: none
configure:3524: checking for an ANSI C-conforming const
configure:3599: gcc -c -g -O2 -fPIC -fpermissive -Wwrite-strings conftest.c >&5
cc1: warning: command line option '-fpermissive' is valid for C++/ObjC++ but not for C
configure:3605: $? = 0
configure:3620: result: yes
configure:3630: checking for inline
configure:3656: gcc -c -g -O2 -fPIC -fpermissive -Wwrite-strings conftest.c >&5
cc1: warning: command line option '-fpermissive' is valid for C++/ObjC++ but not for C
configure:3662: $? = 0
configure:3680: result: inline
configure:3784: checking build system type
configure:3802: result: x86_64-unknown-linux-gnu
configure:3824: checking host system type
configure:3839: result: x86_64-unknown-linux-gnu
configure:3861: checking for a sed that does not truncate output
configure:3915: result: /bin/sed
configure:3918: checking for grep that handles long lines and -e
configure:3992: result: /bin/grep
configure:3997: checking for egrep
configure:4075: result: /bin/grep -E
configure:4091: checking for ld used by gcc
configure:4158: result: /usr/bin/ld
configure:4167: checking if the linker (/usr/bin/ld) is GNU ld
configure:4182: result: yes
configure:4187: checking for /usr/bin/ld option to reload object files
configure:4194: result: -r
configure:4212: checking for BSD-compatible nm
configure:4261: result: /usr/bin/nm -B
configure:4265: checking whether ln -s works
configure:4269: result: yes
configure:4276: checking how to recognise dependent libraries
configure:4452: result: pass_all
configure:4539: gcc -c -g -O2 -fPIC -fpermissive -Wwrite-strings conftest.c >&5
cc1: warning: command line option '-fpermissive' is valid for C++/ObjC++ but not for C
configure:4542: $? = 0
configure:4975: checking how to run the C preprocessor
configure:5015: gcc -E -fPIC -fpermissive -Wwrite-strings conftest.c
cc1: warning: command line option '-fpermissive' is valid for C++/ObjC++ but not for C
configure:5021: $? = 0
configure:5052: gcc -E -fPIC -fpermissive -Wwrite-strings conftest.c
cc1: warning: command line option '-fpermissive' is valid for C++/ObjC++ but not for C
conftest.c:8:10: fatal error: ac_nonexistent.h: No such file or directory
 #include <ac_nonexistent.h>
          ^~~~~~~~~~~~~~~~~~
compilation terminated.
configure:5058: $? = 1
configure: failed program was:
| /* confdefs.h.  */
| #define PACKAGE_NAME "libltdl"
| #define PACKAGE_TARNAME "libltdl"
| #define PACKAGE_VERSION "1.2"
| #define PACKAGE_STRING "libltdl 1.2"
| #define PACKAGE_BUGREPORT "bug-libtool@gnu.org"
| /* end confdefs.h.  */
| #include <ac_nonexistent.h>
configure:5091: result: gcc -E
configure:5120: gcc -E -fPIC -fpermissive -Wwrite-strings conftest.c
cc1: warning: command line option '-fpermissive' is valid for C++/ObjC++ but not for C
configure:5126: $? = 0
configure:5157: gcc -E -fPIC -fpermissive -Wwrite-strings conftest.c
cc1: warning: command line option '-fpermissive' is valid for C++/ObjC++ but not for C
conftest.c:8:10: fatal error: ac_nonexistent.h: No such file or directory
 #include <ac_nonexistent.h>
          ^~~~~~~~~~~~~~~~~~
compilation terminated.
configure:5163: $? = 1
configure: failed program was:
| /* confdefs.h.  */
| #define PACKAGE_NAME "libltdl"
| #define PACKAGE_TARNAME "libltdl"
| #define PACKAGE_VERSION "1.2"
| #define PACKAGE_STRING "libltdl 1.2"
| #define PACKAGE_BUGREPORT "bug-libtool@gnu.org"
| /* end confdefs.h.  */
| #include <ac_nonexistent.h>
configure:5201: checking for ANSI C header files
configure:5231: gcc -c -g -O2 -fPIC -fpermissive -Wwrite-strings conftest.c >&5
cc1: warning: command line option '-fpermissive' is valid for C++/ObjC++ but not for C
configure:5237: $? = 0
cc1: warning: command line option '-fpermissive' is valid for C++/ObjC++ but not for C
cc1: warning: command line option '-fpermissive' is valid for C++/ObjC++ but not for C
configure:5336: gcc -o conftest -g -O2 -fPIC -fpermissive -Wwrite-strings  conftest.c  >&5
cc1: warning: command line option '-fpermissive' is valid for C++/ObjC++ but not for C
configure:5339: $? = 0
configure:5345: ./conftest
configure:5348: $? = 0
configure:5365: result: yes
configure:5389: checking for sys/types.h
configure:5410: gcc -c -g -O2 -fPIC -fpermissive -Wwrite-strings conftest.c >&5
cc1: warning: command line option '-fpermissive' is valid for C++/ObjC++ but not for C
configure:5416: $? = 0
configure:5432: result: yes
configure:5389: checking for sys/stat.h
configure:5410: gcc -c -g -O2 -fPIC -fpermissive -Wwrite-strings conftest.c >&5
cc1: warning: command line option '-fpermissive' is valid for C++/ObjC++ but not for C
configure:5416: $? = 0
configure:5432: result: yes
configure:5389: checking for stdlib.h
configure:5410: gcc -c -g -O2 -fPIC -fpermissive -Wwrite-strings conftest.c >&5
cc1: warning: command line option '-fpermissive' is valid for C++/ObjC++ but not for C
configure:5416: $? = 0
configure:5432: result: yes
configure:5389: checking for string.h
configure:5410: gcc -c -g -O2 -fPIC -fpermissive -Wwrite-strings conftest.c >&5
cc1: warning: command line option '-fpermissive' is valid for C++/ObjC++ but not for C
configure:5416: $? = 0
configure:5432: result: yes
configure:5389: checking for memory.h
configure:5410: gcc -c -g -O2 -fPIC -fpermissive -Wwrite-strings conftest.c >&5
cc1: warning: command line option '-fpermissive' is valid for C++/ObjC++ but not for C
configure:5416: $? = 0
configure:5432: result: yes
configure:5389: checking for strings.h
configure:5410: gcc -c -g -O2 -fPIC -fpermissive -Wwrite-strings conftest.c >&5
cc1: warning: command line option '-fpermissive' is valid for C++/ObjC++ but not for C
configure:5416: $? = 0
configure:5432: result: yes
configure:5389: checking for inttypes.h
configure:5410: gcc -c -g -O2 -fPIC -fpermissive -Wwrite-strings conftest.c >&5
cc1: warning: command line option '-fpermissive' is valid for C++/ObjC++ but not for C
configure:5416: $? = 0
configure:5432: result: yes
configure:5389: checking for stdint.h
configure:5410: gcc -c -g -O2 -fPIC -fpermissive -Wwrite-strings conftest.c >&5
cc1: warning: command line option '-fpermissive' is valid for C++/ObjC++ but not for C
configure:5416: $? = 0
configure:5432: result: yes
configure:5389: checking for unistd.h
configure:5410: gcc -c -g -O2 -fPIC -fpermissive -Wwrite-strings conftest.c >&5
cc1: warning: command line option '-fpermissive' is valid for C++/ObjC++ but not for C
configure:5416: $? = 0
configure:5432: result: yes
configure:5459: checking dlfcn.h usability
configure:5476: gcc -c -g -O2 -fPIC -fpermissive -Wwrite-strings conftest.c >&5
cc1: warning: command line option '-fpermissive' is valid for C++/ObjC++ but not for C
configure:5482: $? = 0
configure:5496: result: yes
configure:5500: checking dlfcn.h presence
configure:5515: gcc -E -fPIC -fpermissive -Wwrite-strings conftest.c
cc1: warning: command line option '-fpermissive' is valid for C++/ObjC++ but not for C
configure:5521: $? = 0
configure:5535: result: yes
configure:5568: checking for dlfcn.h
configure:5576: result: yes
configure:5647: checking for g++
configure:5663: found /usr/bin/g++
configure:5674: result: g++
configure:5705: checking for C++ compiler version
configure:5712: g++ --version >&5
g++ (Ubuntu 8.2.0-7ubuntu1) 8.2.0
Copyright (C) 2018 Free Software Foundation, Inc.
This is free software; see the source for copying conditions.  There is NO
warranty; not even for MERCHANTABILITY or FITNESS FOR A PARTICULAR PURPOSE.

configure:5715: $? = 0
configure:5722: g++ -v >&5
Using built-in specs.
COLLECT_GCC=g++
COLLECT_LTO_WRAPPER=/usr/lib/gcc/x86_64-linux-gnu/8/lto-wrapper
OFFLOAD_TARGET_NAMES=nvptx-none
OFFLOAD_TARGET_DEFAULT=1
Target: x86_64-linux-gnu
Configured with: ../src/configure -v --with-pkgversion='Ubuntu 8.2.0-7ubuntu1' --with-bugurl=file:///usr/share/doc/gcc-8/README.Bugs --enable-languages=c,ada,c++,go,brig,d,fortran,objc,obj-c++ --prefix=/usr --with-gcc-major-version-only --program-suffix=-8 --program-prefix=x86_64-linux-gnu- --enable-shared --enable-linker-build-id --libexecdir=/usr/lib --without-included-gettext --enable-threads=posix --libdir=/usr/lib --enable-nls --with-sysroot=/ --enable-clocale=gnu --enable-libstdcxx-debug --enable-libstdcxx-time=yes --with-default-libstdcxx-abi=new --enable-gnu-unique-object --disable-vtable-verify --enable-libmpx --enable-plugin --enable-default-pie --with-system-zlib --with-target-system-zlib --enable-objc-gc=auto --enable-multiarch --disable-werror --with-arch-32=i686 --with-abi=m64 --with-multilib-list=m32,m64,mx32 --enable-multilib --with-tune=generic --enable-offload-targets=nvptx-none --without-cuda-driver --enable-checking=release --build=x86_64-linux-gnu --host=x86_64-linux-gnu --target=x86_64-linux-gnu
Thread model: posix
gcc version 8.2.0 (Ubuntu 8.2.0-7ubuntu1) 
configure:5725: $? = 0
configure:5732: g++ -V >&5
g++: error: unrecognized command line option '-V'
g++: fatal error: no input files
compilation terminated.
configure:5735: $? = 1
configure:5738: checking whether we are using the GNU C++ compiler
configure:5767: g++ -c  -fPIC -fpermissive -Wwrite-strings conftest.cpp >&5
configure:5773: $? = 0
configure:5790: result: yes
configure:5795: checking whether g++ accepts -g
configure:5825: g++ -c -g -fPIC -fpermissive -Wwrite-strings conftest.cpp >&5
configure:5831: $? = 0
configure:5930: result: yes
configure:5955: checking dependency style of g++
configure:6045: result: none
configure:6072: checking how to run the C++ preprocessor
configure:6108: g++ -E -fPIC -fpermissive -Wwrite-strings conftest.cpp
configure:6114: $? = 0
configure:6145: g++ -E -fPIC -fpermissive -Wwrite-strings conftest.cpp
conftest.cpp:19:10: fatal error: ac_nonexistent.h: No such file or directory
 #include <ac_nonexistent.h>
          ^~~~~~~~~~~~~~~~~~
compilation terminated.
configure:6151: $? = 1
configure: failed program was:
| /* confdefs.h.  */
| #define PACKAGE_NAME "libltdl"
| #define PACKAGE_TARNAME "libltdl"
| #define PACKAGE_VERSION "1.2"
| #define PACKAGE_STRING "libltdl 1.2"
| #define PACKAGE_BUGREPORT "bug-libtool@gnu.org"
| #define STDC_HEADERS 1
| #define HAVE_SYS_TYPES_H 1
| #define HAVE_SYS_STAT_H 1
| #define HAVE_STDLIB_H 1
| #define HAVE_STRING_H 1
| #define HAVE_MEMORY_H 1
| #define HAVE_STRINGS_H 1
| #define HAVE_INTTYPES_H 1
| #define HAVE_STDINT_H 1
| #define HAVE_UNISTD_H 1
| #define HAVE_DLFCN_H 1
| /* end confdefs.h.  */
| #include <ac_nonexistent.h>
configure:6184: result: g++ -E
configure:6213: g++ -E -fPIC -fpermissive -Wwrite-strings conftest.cpp
configure:6219: $? = 0
configure:6250: g++ -E -fPIC -fpermissive -Wwrite-strings conftest.cpp
conftest.cpp:19:10: fatal error: ac_nonexistent.h: No such file or directory
 #include <ac_nonexistent.h>
          ^~~~~~~~~~~~~~~~~~
compilation terminated.
configure:6256: $? = 1
configure: failed program was:
| /* confdefs.h.  */
| #define PACKAGE_NAME "libltdl"
| #define PACKAGE_TARNAME "libltdl"
| #define PACKAGE_VERSION "1.2"
| #define PACKAGE_STRING "libltdl 1.2"
| #define PACKAGE_BUGREPORT "bug-libtool@gnu.org"
| #define STDC_HEADERS 1
| #define HAVE_SYS_TYPES_H 1
| #define HAVE_SYS_STAT_H 1
| #define HAVE_STDLIB_H 1
| #define HAVE_STRING_H 1
| #define HAVE_MEMORY_H 1
| #define HAVE_STRINGS_H 1
| #define HAVE_INTTYPES_H 1
| #define HAVE_STDINT_H 1
| #define HAVE_UNISTD_H 1
| #define HAVE_DLFCN_H 1
| /* end confdefs.h.  */
| #include <ac_nonexistent.h>
configure:6349: checking for g77
configure:6379: result: no
configure:6349: checking for xlf
configure:6379: result: no
configure:6349: checking for f77
configure:6365: found /usr/bin/f77
configure:6376: result: f77
configure:6406: checking for Fortran 77 compiler version
configure:6413: f77 --version >&5
GNU Fortran (Ubuntu 8.2.0-7ubuntu1) 8.2.0
Copyright (C) 2018 Free Software Foundation, Inc.
This is free software; see the source for copying conditions.  There is NO
warranty; not even for MERCHANTABILITY or FITNESS FOR A PARTICULAR PURPOSE.

configure:6416: $? = 0
configure:6423: f77 -v >&5
Using built-in specs.
COLLECT_GCC=f77
COLLECT_LTO_WRAPPER=/usr/lib/gcc/x86_64-linux-gnu/8/lto-wrapper
OFFLOAD_TARGET_NAMES=nvptx-none
OFFLOAD_TARGET_DEFAULT=1
Target: x86_64-linux-gnu
Configured with: ../src/configure -v --with-pkgversion='Ubuntu 8.2.0-7ubuntu1' --with-bugurl=file:///usr/share/doc/gcc-8/README.Bugs --enable-languages=c,ada,c++,go,brig,d,fortran,objc,obj-c++ --prefix=/usr --with-gcc-major-version-only --program-suffix=-8 --program-prefix=x86_64-linux-gnu- --enable-shared --enable-linker-build-id --libexecdir=/usr/lib --without-included-gettext --enable-threads=posix --libdir=/usr/lib --enable-nls --with-sysroot=/ --enable-clocale=gnu --enable-libstdcxx-debug --enable-libstdcxx-time=yes --with-default-libstdcxx-abi=new --enable-gnu-unique-object --disable-vtable-verify --enable-libmpx --enable-plugin --enable-default-pie --with-system-zlib --with-target-system-zlib --enable-objc-gc=auto --enable-multiarch --disable-werror --with-arch-32=i686 --with-abi=m64 --with-multilib-list=m32,m64,mx32 --enable-multilib --with-tune=generic --enable-offload-targets=nvptx-none --without-cuda-driver --enable-checking=release --build=x86_64-linux-gnu --host=x86_64-linux-gnu --target=x86_64-linux-gnu
Thread model: posix
gcc version 8.2.0 (Ubuntu 8.2.0-7ubuntu1) 
configure:6426: $? = 0
configure:6433: f77 -V >&5
f77: error: unrecognized command line option '-V'
f77: fatal error: no input files
compilation terminated.
configure:6436: $? = 1
configure:6444: checking whether we are using the GNU Fortran 77 compiler
configure:6463: f77 -c  conftest.F >&5
configure:6469: $? = 0
configure:6486: result: yes
configure:6492: checking whether f77 accepts -g
configure:6509: f77 -c -g conftest.f >&5
configure:6515: $? = 0
configure:6531: result: yes
configure:6561: checking the maximum length of command line arguments
configure:6670: result: 32768
configure:6681: checking command to parse /usr/bin/nm -B output from gcc object
configure:6786: gcc -c -g -O2 -fPIC -fpermissive -Wwrite-strings conftest.c >&5
cc1: warning: command line option '-fpermissive' is valid for C++/ObjC++ but not for C
configure:6789: $? = 0
configure:6793: /usr/bin/nm -B conftest.o \| sed -n -e 's/^.*[ 	]\([ABCDGIRSTW][ABCDGIRSTW]*\)[ 	][ 	]*\([_A-Za-z][_A-Za-z0-9]*\)$/\1 \2 \2/p' \> conftest.nm
configure:6796: $? = 0
configure:6848: gcc -o conftest -g -O2 -fPIC -fpermissive -Wwrite-strings  conftest.c conftstm.o >&5
cc1: warning: command line option '-fpermissive' is valid for C++/ObjC++ but not for C
configure:6851: $? = 0
configure:6889: result: ok
configure:6893: checking for objdir
configure:6908: result: .libs
configure:7000: checking for ar
configure:7016: found /usr/bin/ar
configure:7027: result: ar
configure:7096: checking for ranlib
configure:7112: found /usr/bin/ranlib
configure:7123: result: ranlib
configure:7192: checking for strip
configure:7208: found /usr/bin/strip
configure:7219: result: strip
configure:7509: checking if gcc supports -fno-rtti -fno-exceptions
configure:7527: gcc -c -g -O2 -fPIC -fpermissive -Wwrite-strings -fno-rtti -fno-exceptions conftest.c >&5
cc1: warning: command line option '-fpermissive' is valid for C++/ObjC++ but not for C
cc1: warning: command line option '-fno-rtti' is valid for C++/ObjC++ but not for C
configure:7531: $? = 0
configure:7544: result: no
configure:7559: checking for gcc option to produce PIC
configure:7769: result: -fPIC
configure:7777: checking if gcc PIC flag -fPIC works
configure:7795: gcc -c -g -O2 -fPIC -fpermissive -Wwrite-strings -fPIC -DPIC conftest.c >&5
cc1: warning: command line option '-fpermissive' is valid for C++/ObjC++ but not for C
configure:7799: $? = 0
configure:7812: result: yes
configure:7840: checking if gcc static flag -static works
cc1: warning: command line option '-fpermissive' is valid for C++/ObjC++ but not for C
configure:7868: result: yes
configure:7878: checking if gcc supports -c -o file.o
configure:7899: gcc -c -g -O2 -fPIC -fpermissive -Wwrite-strings -o out/conftest2.o conftest.c >&5
cc1: warning: command line option '-fpermissive' is valid for C++/ObjC++ but not for C
configure:7903: $? = 0
configure:7925: result: yes
configure:7951: checking whether the gcc linker (/usr/bin/ld -m elf_x86_64) supports shared libraries
configure:8906: result: yes
configure:8927: checking whether -lc should be explicitly linked in
configure:8932: gcc -c -g -O2 -fPIC -fpermissive -Wwrite-strings conftest.c >&5
cc1: warning: command line option '-fpermissive' is valid for C++/ObjC++ but not for C
configure:8935: $? = 0
configure:8950: gcc -shared conftest.o  -v -Wl,-soname -Wl,conftest -o conftest 2\>\&1 \| grep  -lc  \>/dev/null 2\>\&1
configure:8953: $? = 0
configure:8965: result: no
configure:8973: checking dynamic linker characteristics
configure:9549: result: GNU/Linux ld.so
configure:9558: checking how to hardcode library paths into programs
configure:9583: result: immediate
configure:9597: checking whether stripping libraries is possible
configure:9602: result: yes
configure:10403: checking if libtool supports shared libraries
configure:10405: result: yes
configure:10408: checking whether to build shared libraries
configure:10429: result: yes
configure:10432: checking whether to build static libraries
configure:10436: result: yes
configure:10528: creating libtool
configure:11116: checking for ld used by g++
configure:11183: result: /usr/bin/ld -m elf_x86_64
configure:11192: checking if the linker (/usr/bin/ld -m elf_x86_64) is GNU ld
configure:11207: result: yes
configure:11258: checking whether the g++ linker (/usr/bin/ld -m elf_x86_64) supports shared libraries
configure:12192: result: yes
configure:12214: g++ -c -g -O2 -fPIC -fpermissive -Wwrite-strings conftest.cpp >&5
configure:12217: $? = 0
configure:12336: checking for g++ option to produce PIC
configure:12610: result: -fPIC
configure:12618: checking if g++ PIC flag -fPIC works
configure:12636: g++ -c -g -O2 -fPIC -fpermissive -Wwrite-strings -fPIC -DPIC conftest.cpp >&5
configure:12640: $? = 0
configure:12653: result: yes
configure:12681: checking if g++ static flag -static works
configure:12709: result: yes
configure:12719: checking if g++ supports -c -o file.o
configure:12740: g++ -c -g -O2 -fPIC -fpermissive -Wwrite-strings -o out/conftest2.o conftest.cpp >&5
configure:12744: $? = 0
configure:12766: result: yes
configure:12792: checking whether the g++ linker (/usr/bin/ld -m elf_x86_64) supports shared libraries
configure:12820: result: yes
configure:12887: checking dynamic linker characteristics
configure:13463: result: GNU/Linux ld.so
configure:13472: checking how to hardcode library paths into programs
configure:13497: result: immediate
configure:14023: checking if libtool supports shared libraries
configure:14025: result: yes
configure:14028: checking whether to build shared libraries
configure:14048: result: yes
configure:14051: checking whether to build static libraries
configure:14055: result: yes
configure:14065: checking for f77 option to produce PIC
configure:14275: result: -fPIC
configure:14283: checking if f77 PIC flag -fPIC works
configure:14301: f77 -c -g -O2 -fPIC conftest.f >&5
configure:14305: $? = 0
configure:14318: result: yes
configure:14346: checking if f77 static flag -static works
configure:14374: result: yes
configure:14384: checking if f77 supports -c -o file.o
configure:14405: f77 -c -g -O2 -o out/conftest2.o conftest.f >&5
configure:14409: $? = 0
configure:14431: result: yes
configure:14457: checking whether the f77 linker (/usr/bin/ld -m elf_x86_64) supports shared libraries
configure:15392: result: yes
configure:15459: checking dynamic linker characteristics
configure:16035: result: GNU/Linux ld.so
configure:16044: checking how to hardcode library paths into programs
configure:16069: result: immediate
configure:19629: checking for dirent.h that defines DIR
configure:19658: gcc -c -g -O2 -fPIC -fpermissive -Wwrite-strings conftest.c >&5
cc1: warning: command line option '-fpermissive' is valid for C++/ObjC++ but not for C
configure:19664: $? = 0
configure:19680: result: yes
configure:19693: checking for library containing opendir
configure:19734: gcc -o conftest -g -O2 -fPIC -fpermissive -Wwrite-strings  conftest.c  >&5
cc1: warning: command line option '-fpermissive' is valid for C++/ObjC++ but not for C
configure:19740: $? = 0
configure:19768: result: none required
configure:19890: checking which extension is used for loadable modules
configure:19900: result: .so
configure:19911: checking which variable specifies run-time library path
configure:19918: result: LD_LIBRARY_PATH
configure:19929: checking for the default library search path
configure:19936: result: /lib /usr/lib /usr/lib/x86_64-linux-gnu/libfakeroot /usr/local/lib/i386-linux-gnu /lib/i386-linux-gnu /usr/lib/i386-linux-gnu /usr/local/lib/i686-linux-gnu /lib/i686-linux-gnu /usr/lib/i686-linux-gnu /usr/local/lib /usr/local/lib/x86_64-linux-gnu /lib/x86_64-linux-gnu /usr/lib/x86_64-linux-gnu /lib32 /usr/lib32 /libx32 /usr/libx32 
configure:19954: checking for objdir
configure:19975: result: .libs
configure:19984: checking whether libtool supports -dlopen/-dlpreopen
configure:19996: result: yes
configure:20015: checking for shl_load
configure:20071: gcc -o conftest -g -O2 -fPIC -fpermissive -Wwrite-strings  conftest.c  >&5
cc1: warning: command line option '-fpermissive' is valid for C++/ObjC++ but not for C
/usr/bin/ld: /tmp/ccEmTogU.o: in function `main':
/home/truf/iscan/iscan-2.10.0/libltdl/conftest.c:59: undefined reference to `shl_load'
collect2: error: ld returned 1 exit status
configure:20077: $? = 1
configure: failed program was:
| /* confdefs.h.  */
| #define PACKAGE_NAME "libltdl"
| #define PACKAGE_TARNAME "libltdl"
| #define PACKAGE_VERSION "1.2"
| #define PACKAGE_STRING "libltdl 1.2"
| #define PACKAGE_BUGREPORT "bug-libtool@gnu.org"
| #define STDC_HEADERS 1
| #define HAVE_SYS_TYPES_H 1
| #define HAVE_SYS_STAT_H 1
| #define HAVE_STDLIB_H 1
| #define HAVE_STRING_H 1
| #define HAVE_MEMORY_H 1
| #define HAVE_STRINGS_H 1
| #define HAVE_INTTYPES_H 1
| #define HAVE_STDINT_H 1
| #define HAVE_UNISTD_H 1
| #define HAVE_DLFCN_H 1
| #define HAVE_DIRENT_H 1
| #define LTDL_SHLIB_EXT ".so"
| #define LTDL_SHLIBPATH_VAR "LD_LIBRARY_PATH"
| #define LTDL_SYSSEARCHPATH "/lib:/usr/lib:/usr/lib/x86_64-linux-gnu/libfakeroot:/usr/local/lib/i386-linux-gnu:/lib/i386-linux-gnu:/usr/lib/i386-linux-gnu:/usr/local/lib/i686-linux-gnu:/lib/i686-linux-gnu:/usr/lib/i686-linux-gnu:/usr/local/lib:/usr/local/lib/x86_64-linux-gnu:/lib/x86_64-linux-gnu:/usr/lib/x86_64-linux-gnu:/lib32:/usr/lib32:/libx32:/usr/libx32"
| #define LTDL_OBJDIR ".libs/"
| #define HAVE_PRELOADED_SYMBOLS 1
| /* end confdefs.h.  */
| /* Define shl_load to an innocuous variant, in case <limits.h> declares shl_load.
|    For example, HP-UX 11i <limits.h> declares gettimeofday.  */
| #define shl_load innocuous_shl_load
| 
| /* System header to define __stub macros and hopefully few prototypes,
|     which can conflict with char shl_load (); below.
|     Prefer <limits.h> to <assert.h> if __STDC__ is defined, since
|     <limits.h> exists even on freestanding compilers.  */
| 
| #ifdef __STDC__
| # include <limits.h>
| #else
| # include <assert.h>
| #endif
| 
| #undef shl_load
| 
| /* Override any GCC internal prototype to avoid an error.
|    Use char because int might match the return type of a GCC
|    builtin and then its argument prototype would still apply.  */
| #ifdef __cplusplus
| extern "C"
| #endif
| char shl_load ();
| /* The GNU C library defines this for functions which it implements
|     to always fail with ENOSYS.  Some functions are actually named
|     something starting with __ and the normal name is an alias.  */
| #if defined __stub_shl_load || defined __stub___shl_load
| choke me
| #endif
| 
| int
| main ()
| {
| return shl_load ();
|   ;
|   return 0;
| }
configure:20094: result: no
configure:20103: checking for shl_load in -ldld
configure:20138: gcc -o conftest -g -O2 -fPIC -fpermissive -Wwrite-strings  conftest.c -ldld   >&5
cc1: warning: command line option '-fpermissive' is valid for C++/ObjC++ but not for C
/usr/bin/ld: cannot find -ldld
collect2: error: ld returned 1 exit status
configure:20144: $? = 1
configure: failed program was:
| /* confdefs.h.  */
| #define PACKAGE_NAME "libltdl"
| #define PACKAGE_TARNAME "libltdl"
| #define PACKAGE_VERSION "1.2"
| #define PACKAGE_STRING "libltdl 1.2"
| #define PACKAGE_BUGREPORT "bug-libtool@gnu.org"
| #define STDC_HEADERS 1
| #define HAVE_SYS_TYPES_H 1
| #define HAVE_SYS_STAT_H 1
| #define HAVE_STDLIB_H 1
| #define HAVE_STRING_H 1
| #define HAVE_MEMORY_H 1
| #define HAVE_STRINGS_H 1
| #define HAVE_INTTYPES_H 1
| #define HAVE_STDINT_H 1
| #define HAVE_UNISTD_H 1
| #define HAVE_DLFCN_H 1
| #define HAVE_DIRENT_H 1
| #define LTDL_SHLIB_EXT ".so"
| #define LTDL_SHLIBPATH_VAR "LD_LIBRARY_PATH"
| #define LTDL_SYSSEARCHPATH "/lib:/usr/lib:/usr/lib/x86_64-linux-gnu/libfakeroot:/usr/local/lib/i386-linux-gnu:/lib/i386-linux-gnu:/usr/lib/i386-linux-gnu:/usr/local/lib/i686-linux-gnu:/lib/i686-linux-gnu:/usr/lib/i686-linux-gnu:/usr/local/lib:/usr/local/lib/x86_64-linux-gnu:/lib/x86_64-linux-gnu:/usr/lib/x86_64-linux-gnu:/lib32:/usr/lib32:/libx32:/usr/libx32"
| #define LTDL_OBJDIR ".libs/"
| #define HAVE_PRELOADED_SYMBOLS 1
| /* end confdefs.h.  */
| 
| /* Override any GCC internal prototype to avoid an error.
|    Use char because int might match the return type of a GCC
|    builtin and then its argument prototype would still apply.  */
| #ifdef __cplusplus
| extern "C"
| #endif
| char shl_load ();
| int
| main ()
| {
| return shl_load ();
|   ;
|   return 0;
| }
configure:20162: result: no
configure:20172: checking for dlopen in -ldl
configure:20207: gcc -o conftest -g -O2 -fPIC -fpermissive -Wwrite-strings  conftest.c -ldl   >&5
cc1: warning: command line option '-fpermissive' is valid for C++/ObjC++ but not for C
configure:20213: $? = 0
configure:20231: result: yes
configure:20542: checking for dlerror
configure:20598: gcc -o conftest -g -O2 -fPIC -fpermissive -Wwrite-strings  conftest.c  -ldl >&5
cc1: warning: command line option '-fpermissive' is valid for C++/ObjC++ but not for C
configure:20604: $? = 0
configure:20622: result: yes
configure:20642: checking for _ prefix in compiled symbols
configure:20652: gcc -c -g -O2 -fPIC -fpermissive -Wwrite-strings conftest.c >&5
cc1: warning: command line option '-fpermissive' is valid for C++/ObjC++ but not for C
configure:20655: $? = 0
configure:20659: /usr/bin/nm -B conftest.o \| sed -n -e 's/^.*[ 	]\([ABCDGIRSTW][ABCDGIRSTW]*\)[ 	][ 	]*\([_A-Za-z][_A-Za-z0-9]*\)$/\1 \2 \2/p' \> conftest.nm
configure:20662: $? = 0
configure:20684: result: no
configure:20804: checking whether deplibs are loaded by dlopen
configure:20885: result: yes
configure:20910: checking argz.h usability
configure:20927: gcc -c -g -O2 -fPIC -fpermissive -Wwrite-strings conftest.c >&5
cc1: warning: command line option '-fpermissive' is valid for C++/ObjC++ but not for C
configure:20933: $? = 0
configure:20947: result: yes
configure:20951: checking argz.h presence
configure:20966: gcc -E -fPIC -fpermissive -Wwrite-strings conftest.c
cc1: warning: command line option '-fpermissive' is valid for C++/ObjC++ but not for C
configure:20972: $? = 0
configure:20986: result: yes
configure:21019: checking for argz.h
configure:21027: result: yes
configure:21041: checking for error_t
configure:21074: gcc -c -g -O2 -fPIC -fpermissive -Wwrite-strings conftest.c >&5
cc1: warning: command line option '-fpermissive' is valid for C++/ObjC++ but not for C
configure:21080: $? = 0
configure:21095: result: yes
configure:21121: checking for argz_append
configure:21177: gcc -o conftest -g -O2 -fPIC -fpermissive -Wwrite-strings  conftest.c  >&5
cc1: warning: command line option '-fpermissive' is valid for C++/ObjC++ but not for C
configure:21183: $? = 0
configure:21201: result: yes
configure:21121: checking for argz_create_sep
configure:21177: gcc -o conftest -g -O2 -fPIC -fpermissive -Wwrite-strings  conftest.c  >&5
cc1: warning: command line option '-fpermissive' is valid for C++/ObjC++ but not for C
configure:21183: $? = 0
configure:21201: result: yes
configure:21121: checking for argz_insert
configure:21177: gcc -o conftest -g -O2 -fPIC -fpermissive -Wwrite-strings  conftest.c  >&5
cc1: warning: command line option '-fpermissive' is valid for C++/ObjC++ but not for C
configure:21183: $? = 0
configure:21201: result: yes
configure:21121: checking for argz_next
configure:21177: gcc -o conftest -g -O2 -fPIC -fpermissive -Wwrite-strings  conftest.c  >&5
cc1: warning: command line option '-fpermissive' is valid for C++/ObjC++ but not for C
configure:21183: $? = 0
configure:21201: result: yes
configure:21121: checking for argz_stringify
configure:21177: gcc -o conftest -g -O2 -fPIC -fpermissive -Wwrite-strings  conftest.c  >&5
cc1: warning: command line option '-fpermissive' is valid for C++/ObjC++ but not for C
configure:21183: $? = 0
configure:21201: result: yes
configure:21253: checking assert.h usability
configure:21270: gcc -c -g -O2 -fPIC -fpermissive -Wwrite-strings conftest.c >&5
cc1: warning: command line option '-fpermissive' is valid for C++/ObjC++ but not for C
configure:21276: $? = 0
configure:21290: result: yes
configure:21294: checking assert.h presence
configure:21309: gcc -E -fPIC -fpermissive -Wwrite-strings conftest.c
cc1: warning: command line option '-fpermissive' is valid for C++/ObjC++ but not for C
configure:21315: $? = 0
configure:21329: result: yes
configure:21362: checking for assert.h
configure:21370: result: yes
configure:21253: checking ctype.h usability
configure:21270: gcc -c -g -O2 -fPIC -fpermissive -Wwrite-strings conftest.c >&5
cc1: warning: command line option '-fpermissive' is valid for C++/ObjC++ but not for C
configure:21276: $? = 0
configure:21290: result: yes
configure:21294: checking ctype.h presence
configure:21309: gcc -E -fPIC -fpermissive -Wwrite-strings conftest.c
cc1: warning: command line option '-fpermissive' is valid for C++/ObjC++ but not for C
configure:21315: $? = 0
configure:21329: result: yes
configure:21362: checking for ctype.h
configure:21370: result: yes
configure:21253: checking errno.h usability
configure:21270: gcc -c -g -O2 -fPIC -fpermissive -Wwrite-strings conftest.c >&5
cc1: warning: command line option '-fpermissive' is valid for C++/ObjC++ but not for C
configure:21276: $? = 0
configure:21290: result: yes
configure:21294: checking errno.h presence
configure:21309: gcc -E -fPIC -fpermissive -Wwrite-strings conftest.c
cc1: warning: command line option '-fpermissive' is valid for C++/ObjC++ but not for C
configure:21315: $? = 0
configure:21329: result: yes
configure:21362: checking for errno.h
configure:21370: result: yes
configure:21253: checking malloc.h usability
configure:21270: gcc -c -g -O2 -fPIC -fpermissive -Wwrite-strings conftest.c >&5
cc1: warning: command line option '-fpermissive' is valid for C++/ObjC++ but not for C
configure:21276: $? = 0
configure:21290: result: yes
configure:21294: checking malloc.h presence
configure:21309: gcc -E -fPIC -fpermissive -Wwrite-strings conftest.c
cc1: warning: command line option '-fpermissive' is valid for C++/ObjC++ but not for C
configure:21315: $? = 0
configure:21329: result: yes
configure:21362: checking for malloc.h
configure:21370: result: yes
configure:21243: checking for memory.h
configure:21249: result: yes
configure:21243: checking for stdlib.h
configure:21249: result: yes
configure:21253: checking stdio.h usability
configure:21270: gcc -c -g -O2 -fPIC -fpermissive -Wwrite-strings conftest.c >&5
cc1: warning: command line option '-fpermissive' is valid for C++/ObjC++ but not for C
configure:21276: $? = 0
configure:21290: result: yes
configure:21294: checking stdio.h presence
configure:21309: gcc -E -fPIC -fpermissive -Wwrite-strings conftest.c
cc1: warning: command line option '-fpermissive' is valid for C++/ObjC++ but not for C
configure:21315: $? = 0
configure:21329: result: yes
configure:21362: checking for stdio.h
configure:21370: result: yes
configure:21243: checking for unistd.h
configure:21249: result: yes
configure:21401: checking dl.h usability
configure:21418: gcc -c -g -O2 -fPIC -fpermissive -Wwrite-strings conftest.c >&5
cc1: warning: command line option '-fpermissive' is valid for C++/ObjC++ but not for C
conftest.c:75:10: fatal error: dl.h: No such file or directory
 #include <dl.h>
          ^~~~~~
compilation terminated.
configure:21424: $? = 1
configure: failed program was:
| /* confdefs.h.  */
| #define PACKAGE_NAME "libltdl"
| #define PACKAGE_TARNAME "libltdl"
| #define PACKAGE_VERSION "1.2"
| #define PACKAGE_STRING "libltdl 1.2"
| #define PACKAGE_BUGREPORT "bug-libtool@gnu.org"
| #define STDC_HEADERS 1
| #define HAVE_SYS_TYPES_H 1
| #define HAVE_SYS_STAT_H 1
| #define HAVE_STDLIB_H 1
| #define HAVE_STRING_H 1
| #define HAVE_MEMORY_H 1
| #define HAVE_STRINGS_H 1
| #define HAVE_INTTYPES_H 1
| #define HAVE_STDINT_H 1
| #define HAVE_UNISTD_H 1
| #define HAVE_DLFCN_H 1
| #define HAVE_DIRENT_H 1
| #define LTDL_SHLIB_EXT ".so"
| #define LTDL_SHLIBPATH_VAR "LD_LIBRARY_PATH"
| #define LTDL_SYSSEARCHPATH "/lib:/usr/lib:/usr/lib/x86_64-linux-gnu/libfakeroot:/usr/local/lib/i386-linux-gnu:/lib/i386-linux-gnu:/usr/lib/i386-linux-gnu:/usr/local/lib/i686-linux-gnu:/lib/i686-linux-gnu:/usr/lib/i686-linux-gnu:/usr/local/lib:/usr/local/lib/x86_64-linux-gnu:/lib/x86_64-linux-gnu:/usr/lib/x86_64-linux-gnu:/lib32:/usr/lib32:/libx32:/usr/libx32"
| #define LTDL_OBJDIR ".libs/"
| #define HAVE_PRELOADED_SYMBOLS 1
| #define HAVE_LIBDL 1
| #define HAVE_DLERROR 1
| #define HAVE_ARGZ_H 1
| #define HAVE_ERROR_T 1
| #define HAVE_ARGZ_APPEND 1
| #define HAVE_ARGZ_CREATE_SEP 1
| #define HAVE_ARGZ_INSERT 1
| #define HAVE_ARGZ_NEXT 1
| #define HAVE_ARGZ_STRINGIFY 1
| #define HAVE_ASSERT_H 1
| #define HAVE_CTYPE_H 1
| #define HAVE_ERRNO_H 1
| #define HAVE_MALLOC_H 1
| #define HAVE_MEMORY_H 1
| #define HAVE_STDLIB_H 1
| #define HAVE_STDIO_H 1
| #define HAVE_UNISTD_H 1
| /* end confdefs.h.  */
| #include <stdio.h>
| #ifdef HAVE_SYS_TYPES_H
| # include <sys/types.h>
| #endif
| #ifdef HAVE_SYS_STAT_H
| # include <sys/stat.h>
| #endif
| #ifdef STDC_HEADERS
| # include <stdlib.h>
| # include <stddef.h>
| #else
| # ifdef HAVE_STDLIB_H
| #  include <stdlib.h>
| # endif
| #endif
| #ifdef HAVE_STRING_H
| # if !defined STDC_HEADERS && defined HAVE_MEMORY_H
| #  include <memory.h>
| # endif
| # include <string.h>
| #endif
| #ifdef HAVE_STRINGS_H
| # include <strings.h>
| #endif
| #ifdef HAVE_INTTYPES_H
| # include <inttypes.h>
| #endif
| #ifdef HAVE_STDINT_H
| # include <stdint.h>
| #endif
| #ifdef HAVE_UNISTD_H
| # include <unistd.h>
| #endif
| #include <dl.h>
configure:21438: result: no
configure:21442: checking dl.h presence
configure:21457: gcc -E -fPIC -fpermissive -Wwrite-strings conftest.c
cc1: warning: command line option '-fpermissive' is valid for C++/ObjC++ but not for C
conftest.c:42:10: fatal error: dl.h: No such file or directory
 #include <dl.h>
          ^~~~~~
compilation terminated.
configure:21463: $? = 1
configure: failed program was:
| /* confdefs.h.  */
| #define PACKAGE_NAME "libltdl"
| #define PACKAGE_TARNAME "libltdl"
| #define PACKAGE_VERSION "1.2"
| #define PACKAGE_STRING "libltdl 1.2"
| #define PACKAGE_BUGREPORT "bug-libtool@gnu.org"
| #define STDC_HEADERS 1
| #define HAVE_SYS_TYPES_H 1
| #define HAVE_SYS_STAT_H 1
| #define HAVE_STDLIB_H 1
| #define HAVE_STRING_H 1
| #define HAVE_MEMORY_H 1
| #define HAVE_STRINGS_H 1
| #define HAVE_INTTYPES_H 1
| #define HAVE_STDINT_H 1
| #define HAVE_UNISTD_H 1
| #define HAVE_DLFCN_H 1
| #define HAVE_DIRENT_H 1
| #define LTDL_SHLIB_EXT ".so"
| #define LTDL_SHLIBPATH_VAR "LD_LIBRARY_PATH"
| #define LTDL_SYSSEARCHPATH "/lib:/usr/lib:/usr/lib/x86_64-linux-gnu/libfakeroot:/usr/local/lib/i386-linux-gnu:/lib/i386-linux-gnu:/usr/lib/i386-linux-gnu:/usr/local/lib/i686-linux-gnu:/lib/i686-linux-gnu:/usr/lib/i686-linux-gnu:/usr/local/lib:/usr/local/lib/x86_64-linux-gnu:/lib/x86_64-linux-gnu:/usr/lib/x86_64-linux-gnu:/lib32:/usr/lib32:/libx32:/usr/libx32"
| #define LTDL_OBJDIR ".libs/"
| #define HAVE_PRELOADED_SYMBOLS 1
| #define HAVE_LIBDL 1
| #define HAVE_DLERROR 1
| #define HAVE_ARGZ_H 1
| #define HAVE_ERROR_T 1
| #define HAVE_ARGZ_APPEND 1
| #define HAVE_ARGZ_CREATE_SEP 1
| #define HAVE_ARGZ_INSERT 1
| #define HAVE_ARGZ_NEXT 1
| #define HAVE_ARGZ_STRINGIFY 1
| #define HAVE_ASSERT_H 1
| #define HAVE_CTYPE_H 1
| #define HAVE_ERRNO_H 1
| #define HAVE_MALLOC_H 1
| #define HAVE_MEMORY_H 1
| #define HAVE_STDLIB_H 1
| #define HAVE_STDIO_H 1
| #define HAVE_UNISTD_H 1
| /* end confdefs.h.  */
| #include <dl.h>
configure:21477: result: no
configure:21510: checking for dl.h
configure:21518: result: no
configure:21401: checking sys/dl.h usability
configure:21418: gcc -c -g -O2 -fPIC -fpermissive -Wwrite-strings conftest.c >&5
cc1: warning: command line option '-fpermissive' is valid for C++/ObjC++ but not for C
conftest.c:75:10: fatal error: sys/dl.h: No such file or directory
 #include <sys/dl.h>
          ^~~~~~~~~~
compilation terminated.
configure:21424: $? = 1
configure: failed program was:
| /* confdefs.h.  */
| #define PACKAGE_NAME "libltdl"
| #define PACKAGE_TARNAME "libltdl"
| #define PACKAGE_VERSION "1.2"
| #define PACKAGE_STRING "libltdl 1.2"
| #define PACKAGE_BUGREPORT "bug-libtool@gnu.org"
| #define STDC_HEADERS 1
| #define HAVE_SYS_TYPES_H 1
| #define HAVE_SYS_STAT_H 1
| #define HAVE_STDLIB_H 1
| #define HAVE_STRING_H 1
| #define HAVE_MEMORY_H 1
| #define HAVE_STRINGS_H 1
| #define HAVE_INTTYPES_H 1
| #define HAVE_STDINT_H 1
| #define HAVE_UNISTD_H 1
| #define HAVE_DLFCN_H 1
| #define HAVE_DIRENT_H 1
| #define LTDL_SHLIB_EXT ".so"
| #define LTDL_SHLIBPATH_VAR "LD_LIBRARY_PATH"
| #define LTDL_SYSSEARCHPATH "/lib:/usr/lib:/usr/lib/x86_64-linux-gnu/libfakeroot:/usr/local/lib/i386-linux-gnu:/lib/i386-linux-gnu:/usr/lib/i386-linux-gnu:/usr/local/lib/i686-linux-gnu:/lib/i686-linux-gnu:/usr/lib/i686-linux-gnu:/usr/local/lib:/usr/local/lib/x86_64-linux-gnu:/lib/x86_64-linux-gnu:/usr/lib/x86_64-linux-gnu:/lib32:/usr/lib32:/libx32:/usr/libx32"
| #define LTDL_OBJDIR ".libs/"
| #define HAVE_PRELOADED_SYMBOLS 1
| #define HAVE_LIBDL 1
| #define HAVE_DLERROR 1
| #define HAVE_ARGZ_H 1
| #define HAVE_ERROR_T 1
| #define HAVE_ARGZ_APPEND 1
| #define HAVE_ARGZ_CREATE_SEP 1
| #define HAVE_ARGZ_INSERT 1
| #define HAVE_ARGZ_NEXT 1
| #define HAVE_ARGZ_STRINGIFY 1
| #define HAVE_ASSERT_H 1
| #define HAVE_CTYPE_H 1
| #define HAVE_ERRNO_H 1
| #define HAVE_MALLOC_H 1
| #define HAVE_MEMORY_H 1
| #define HAVE_STDLIB_H 1
| #define HAVE_STDIO_H 1
| #define HAVE_UNISTD_H 1
| /* end confdefs.h.  */
| #include <stdio.h>
| #ifdef HAVE_SYS_TYPES_H
| # include <sys/types.h>
| #endif
| #ifdef HAVE_SYS_STAT_H
| # include <sys/stat.h>
| #endif
| #ifdef STDC_HEADERS
| # include <stdlib.h>
| # include <stddef.h>
| #else
| # ifdef HAVE_STDLIB_H
| #  include <stdlib.h>
| # endif
| #endif
| #ifdef HAVE_STRING_H
| # if !defined STDC_HEADERS && defined HAVE_MEMORY_H
| #  include <memory.h>
| # endif
| # include <string.h>
| #endif
| #ifdef HAVE_STRINGS_H
| # include <strings.h>
| #endif
| #ifdef HAVE_INTTYPES_H
| # include <inttypes.h>
| #endif
| #ifdef HAVE_STDINT_H
| # include <stdint.h>
| #endif
| #ifdef HAVE_UNISTD_H
| # include <unistd.h>
| #endif
| #include <sys/dl.h>
configure:21438: result: no
configure:21442: checking sys/dl.h presence
configure:21457: gcc -E -fPIC -fpermissive -Wwrite-strings conftest.c
cc1: warning: command line option '-fpermissive' is valid for C++/ObjC++ but not for C
conftest.c:42:10: fatal error: sys/dl.h: No such file or directory
 #include <sys/dl.h>
          ^~~~~~~~~~
compilation terminated.
configure:21463: $? = 1
configure: failed program was:
| /* confdefs.h.  */
| #define PACKAGE_NAME "libltdl"
| #define PACKAGE_TARNAME "libltdl"
| #define PACKAGE_VERSION "1.2"
| #define PACKAGE_STRING "libltdl 1.2"
| #define PACKAGE_BUGREPORT "bug-libtool@gnu.org"
| #define STDC_HEADERS 1
| #define HAVE_SYS_TYPES_H 1
| #define HAVE_SYS_STAT_H 1
| #define HAVE_STDLIB_H 1
| #define HAVE_STRING_H 1
| #define HAVE_MEMORY_H 1
| #define HAVE_STRINGS_H 1
| #define HAVE_INTTYPES_H 1
| #define HAVE_STDINT_H 1
| #define HAVE_UNISTD_H 1
| #define HAVE_DLFCN_H 1
| #define HAVE_DIRENT_H 1
| #define LTDL_SHLIB_EXT ".so"
| #define LTDL_SHLIBPATH_VAR "LD_LIBRARY_PATH"
| #define LTDL_SYSSEARCHPATH "/lib:/usr/lib:/usr/lib/x86_64-linux-gnu/libfakeroot:/usr/local/lib/i386-linux-gnu:/lib/i386-linux-gnu:/usr/lib/i386-linux-gnu:/usr/local/lib/i686-linux-gnu:/lib/i686-linux-gnu:/usr/lib/i686-linux-gnu:/usr/local/lib:/usr/local/lib/x86_64-linux-gnu:/lib/x86_64-linux-gnu:/usr/lib/x86_64-linux-gnu:/lib32:/usr/lib32:/libx32:/usr/libx32"
| #define LTDL_OBJDIR ".libs/"
| #define HAVE_PRELOADED_SYMBOLS 1
| #define HAVE_LIBDL 1
| #define HAVE_DLERROR 1
| #define HAVE_ARGZ_H 1
| #define HAVE_ERROR_T 1
| #define HAVE_ARGZ_APPEND 1
| #define HAVE_ARGZ_CREATE_SEP 1
| #define HAVE_ARGZ_INSERT 1
| #define HAVE_ARGZ_NEXT 1
| #define HAVE_ARGZ_STRINGIFY 1
| #define HAVE_ASSERT_H 1
| #define HAVE_CTYPE_H 1
| #define HAVE_ERRNO_H 1
| #define HAVE_MALLOC_H 1
| #define HAVE_MEMORY_H 1
| #define HAVE_STDLIB_H 1
| #define HAVE_STDIO_H 1
| #define HAVE_UNISTD_H 1
| /* end confdefs.h.  */
| #include <sys/dl.h>
configure:21477: result: no
configure:21510: checking for sys/dl.h
configure:21518: result: no
configure:21401: checking dld.h usability
configure:21418: gcc -c -g -O2 -fPIC -fpermissive -Wwrite-strings conftest.c >&5
cc1: warning: command line option '-fpermissive' is valid for C++/ObjC++ but not for C
conftest.c:75:10: fatal error: dld.h: No such file or directory
 #include <dld.h>
          ^~~~~~~
compilation terminated.
configure:21424: $? = 1
configure: failed program was:
| /* confdefs.h.  */
| #define PACKAGE_NAME "libltdl"
| #define PACKAGE_TARNAME "libltdl"
| #define PACKAGE_VERSION "1.2"
| #define PACKAGE_STRING "libltdl 1.2"
| #define PACKAGE_BUGREPORT "bug-libtool@gnu.org"
| #define STDC_HEADERS 1
| #define HAVE_SYS_TYPES_H 1
| #define HAVE_SYS_STAT_H 1
| #define HAVE_STDLIB_H 1
| #define HAVE_STRING_H 1
| #define HAVE_MEMORY_H 1
| #define HAVE_STRINGS_H 1
| #define HAVE_INTTYPES_H 1
| #define HAVE_STDINT_H 1
| #define HAVE_UNISTD_H 1
| #define HAVE_DLFCN_H 1
| #define HAVE_DIRENT_H 1
| #define LTDL_SHLIB_EXT ".so"
| #define LTDL_SHLIBPATH_VAR "LD_LIBRARY_PATH"
| #define LTDL_SYSSEARCHPATH "/lib:/usr/lib:/usr/lib/x86_64-linux-gnu/libfakeroot:/usr/local/lib/i386-linux-gnu:/lib/i386-linux-gnu:/usr/lib/i386-linux-gnu:/usr/local/lib/i686-linux-gnu:/lib/i686-linux-gnu:/usr/lib/i686-linux-gnu:/usr/local/lib:/usr/local/lib/x86_64-linux-gnu:/lib/x86_64-linux-gnu:/usr/lib/x86_64-linux-gnu:/lib32:/usr/lib32:/libx32:/usr/libx32"
| #define LTDL_OBJDIR ".libs/"
| #define HAVE_PRELOADED_SYMBOLS 1
| #define HAVE_LIBDL 1
| #define HAVE_DLERROR 1
| #define HAVE_ARGZ_H 1
| #define HAVE_ERROR_T 1
| #define HAVE_ARGZ_APPEND 1
| #define HAVE_ARGZ_CREATE_SEP 1
| #define HAVE_ARGZ_INSERT 1
| #define HAVE_ARGZ_NEXT 1
| #define HAVE_ARGZ_STRINGIFY 1
| #define HAVE_ASSERT_H 1
| #define HAVE_CTYPE_H 1
| #define HAVE_ERRNO_H 1
| #define HAVE_MALLOC_H 1
| #define HAVE_MEMORY_H 1
| #define HAVE_STDLIB_H 1
| #define HAVE_STDIO_H 1
| #define HAVE_UNISTD_H 1
| /* end confdefs.h.  */
| #include <stdio.h>
| #ifdef HAVE_SYS_TYPES_H
| # include <sys/types.h>
| #endif
| #ifdef HAVE_SYS_STAT_H
| # include <sys/stat.h>
| #endif
| #ifdef STDC_HEADERS
| # include <stdlib.h>
| # include <stddef.h>
| #else
| # ifdef HAVE_STDLIB_H
| #  include <stdlib.h>
| # endif
| #endif
| #ifdef HAVE_STRING_H
| # if !defined STDC_HEADERS && defined HAVE_MEMORY_H
| #  include <memory.h>
| # endif
| # include <string.h>
| #endif
| #ifdef HAVE_STRINGS_H
| # include <strings.h>
| #endif
| #ifdef HAVE_INTTYPES_H
| # include <inttypes.h>
| #endif
| #ifdef HAVE_STDINT_H
| # include <stdint.h>
| #endif
| #ifdef HAVE_UNISTD_H
| # include <unistd.h>
| #endif
| #include <dld.h>
configure:21438: result: no
configure:21442: checking dld.h presence
configure:21457: gcc -E -fPIC -fpermissive -Wwrite-strings conftest.c
cc1: warning: command line option '-fpermissive' is valid for C++/ObjC++ but not for C
conftest.c:42:10: fatal error: dld.h: No such file or directory
 #include <dld.h>
          ^~~~~~~
compilation terminated.
configure:21463: $? = 1
configure: failed program was:
| /* confdefs.h.  */
| #define PACKAGE_NAME "libltdl"
| #define PACKAGE_TARNAME "libltdl"
| #define PACKAGE_VERSION "1.2"
| #define PACKAGE_STRING "libltdl 1.2"
| #define PACKAGE_BUGREPORT "bug-libtool@gnu.org"
| #define STDC_HEADERS 1
| #define HAVE_SYS_TYPES_H 1
| #define HAVE_SYS_STAT_H 1
| #define HAVE_STDLIB_H 1
| #define HAVE_STRING_H 1
| #define HAVE_MEMORY_H 1
| #define HAVE_STRINGS_H 1
| #define HAVE_INTTYPES_H 1
| #define HAVE_STDINT_H 1
| #define HAVE_UNISTD_H 1
| #define HAVE_DLFCN_H 1
| #define HAVE_DIRENT_H 1
| #define LTDL_SHLIB_EXT ".so"
| #define LTDL_SHLIBPATH_VAR "LD_LIBRARY_PATH"
| #define LTDL_SYSSEARCHPATH "/lib:/usr/lib:/usr/lib/x86_64-linux-gnu/libfakeroot:/usr/local/lib/i386-linux-gnu:/lib/i386-linux-gnu:/usr/lib/i386-linux-gnu:/usr/local/lib/i686-linux-gnu:/lib/i686-linux-gnu:/usr/lib/i686-linux-gnu:/usr/local/lib:/usr/local/lib/x86_64-linux-gnu:/lib/x86_64-linux-gnu:/usr/lib/x86_64-linux-gnu:/lib32:/usr/lib32:/libx32:/usr/libx32"
| #define LTDL_OBJDIR ".libs/"
| #define HAVE_PRELOADED_SYMBOLS 1
| #define HAVE_LIBDL 1
| #define HAVE_DLERROR 1
| #define HAVE_ARGZ_H 1
| #define HAVE_ERROR_T 1
| #define HAVE_ARGZ_APPEND 1
| #define HAVE_ARGZ_CREATE_SEP 1
| #define HAVE_ARGZ_INSERT 1
| #define HAVE_ARGZ_NEXT 1
| #define HAVE_ARGZ_STRINGIFY 1
| #define HAVE_ASSERT_H 1
| #define HAVE_CTYPE_H 1
| #define HAVE_ERRNO_H 1
| #define HAVE_MALLOC_H 1
| #define HAVE_MEMORY_H 1
| #define HAVE_STDLIB_H 1
| #define HAVE_STDIO_H 1
| #define HAVE_UNISTD_H 1
| /* end confdefs.h.  */
| #include <dld.h>
configure:21477: result: no
configure:21510: checking for dld.h
configure:21518: result: no
configure:21401: checking mach-o/dyld.h usability
configure:21418: gcc -c -g -O2 -fPIC -fpermissive -Wwrite-strings conftest.c >&5
cc1: warning: command line option '-fpermissive' is valid for C++/ObjC++ but not for C
conftest.c:75:10: fatal error: mach-o/dyld.h: No such file or directory
 #include <mach-o/dyld.h>
          ^~~~~~~~~~~~~~~
compilation terminated.
configure:21424: $? = 1
configure: failed program was:
| /* confdefs.h.  */
| #define PACKAGE_NAME "libltdl"
| #define PACKAGE_TARNAME "libltdl"
| #define PACKAGE_VERSION "1.2"
| #define PACKAGE_STRING "libltdl 1.2"
| #define PACKAGE_BUGREPORT "bug-libtool@gnu.org"
| #define STDC_HEADERS 1
| #define HAVE_SYS_TYPES_H 1
| #define HAVE_SYS_STAT_H 1
| #define HAVE_STDLIB_H 1
| #define HAVE_STRING_H 1
| #define HAVE_MEMORY_H 1
| #define HAVE_STRINGS_H 1
| #define HAVE_INTTYPES_H 1
| #define HAVE_STDINT_H 1
| #define HAVE_UNISTD_H 1
| #define HAVE_DLFCN_H 1
| #define HAVE_DIRENT_H 1
| #define LTDL_SHLIB_EXT ".so"
| #define LTDL_SHLIBPATH_VAR "LD_LIBRARY_PATH"
| #define LTDL_SYSSEARCHPATH "/lib:/usr/lib:/usr/lib/x86_64-linux-gnu/libfakeroot:/usr/local/lib/i386-linux-gnu:/lib/i386-linux-gnu:/usr/lib/i386-linux-gnu:/usr/local/lib/i686-linux-gnu:/lib/i686-linux-gnu:/usr/lib/i686-linux-gnu:/usr/local/lib:/usr/local/lib/x86_64-linux-gnu:/lib/x86_64-linux-gnu:/usr/lib/x86_64-linux-gnu:/lib32:/usr/lib32:/libx32:/usr/libx32"
| #define LTDL_OBJDIR ".libs/"
| #define HAVE_PRELOADED_SYMBOLS 1
| #define HAVE_LIBDL 1
| #define HAVE_DLERROR 1
| #define HAVE_ARGZ_H 1
| #define HAVE_ERROR_T 1
| #define HAVE_ARGZ_APPEND 1
| #define HAVE_ARGZ_CREATE_SEP 1
| #define HAVE_ARGZ_INSERT 1
| #define HAVE_ARGZ_NEXT 1
| #define HAVE_ARGZ_STRINGIFY 1
| #define HAVE_ASSERT_H 1
| #define HAVE_CTYPE_H 1
| #define HAVE_ERRNO_H 1
| #define HAVE_MALLOC_H 1
| #define HAVE_MEMORY_H 1
| #define HAVE_STDLIB_H 1
| #define HAVE_STDIO_H 1
| #define HAVE_UNISTD_H 1
| /* end confdefs.h.  */
| #include <stdio.h>
| #ifdef HAVE_SYS_TYPES_H
| # include <sys/types.h>
| #endif
| #ifdef HAVE_SYS_STAT_H
| # include <sys/stat.h>
| #endif
| #ifdef STDC_HEADERS
| # include <stdlib.h>
| # include <stddef.h>
| #else
| # ifdef HAVE_STDLIB_H
| #  include <stdlib.h>
| # endif
| #endif
| #ifdef HAVE_STRING_H
| # if !defined STDC_HEADERS && defined HAVE_MEMORY_H
| #  include <memory.h>
| # endif
| # include <string.h>
| #endif
| #ifdef HAVE_STRINGS_H
| # include <strings.h>
| #endif
| #ifdef HAVE_INTTYPES_H
| # include <inttypes.h>
| #endif
| #ifdef HAVE_STDINT_H
| # include <stdint.h>
| #endif
| #ifdef HAVE_UNISTD_H
| # include <unistd.h>
| #endif
| #include <mach-o/dyld.h>
configure:21438: result: no
configure:21442: checking mach-o/dyld.h presence
configure:21457: gcc -E -fPIC -fpermissive -Wwrite-strings conftest.c
cc1: warning: command line option '-fpermissive' is valid for C++/ObjC++ but not for C
conftest.c:42:10: fatal error: mach-o/dyld.h: No such file or directory
 #include <mach-o/dyld.h>
          ^~~~~~~~~~~~~~~
compilation terminated.
configure:21463: $? = 1
configure: failed program was:
| /* confdefs.h.  */
| #define PACKAGE_NAME "libltdl"
| #define PACKAGE_TARNAME "libltdl"
| #define PACKAGE_VERSION "1.2"
| #define PACKAGE_STRING "libltdl 1.2"
| #define PACKAGE_BUGREPORT "bug-libtool@gnu.org"
| #define STDC_HEADERS 1
| #define HAVE_SYS_TYPES_H 1
| #define HAVE_SYS_STAT_H 1
| #define HAVE_STDLIB_H 1
| #define HAVE_STRING_H 1
| #define HAVE_MEMORY_H 1
| #define HAVE_STRINGS_H 1
| #define HAVE_INTTYPES_H 1
| #define HAVE_STDINT_H 1
| #define HAVE_UNISTD_H 1
| #define HAVE_DLFCN_H 1
| #define HAVE_DIRENT_H 1
| #define LTDL_SHLIB_EXT ".so"
| #define LTDL_SHLIBPATH_VAR "LD_LIBRARY_PATH"
| #define LTDL_SYSSEARCHPATH "/lib:/usr/lib:/usr/lib/x86_64-linux-gnu/libfakeroot:/usr/local/lib/i386-linux-gnu:/lib/i386-linux-gnu:/usr/lib/i386-linux-gnu:/usr/local/lib/i686-linux-gnu:/lib/i686-linux-gnu:/usr/lib/i686-linux-gnu:/usr/local/lib:/usr/local/lib/x86_64-linux-gnu:/lib/x86_64-linux-gnu:/usr/lib/x86_64-linux-gnu:/lib32:/usr/lib32:/libx32:/usr/libx32"
| #define LTDL_OBJDIR ".libs/"
| #define HAVE_PRELOADED_SYMBOLS 1
| #define HAVE_LIBDL 1
| #define HAVE_DLERROR 1
| #define HAVE_ARGZ_H 1
| #define HAVE_ERROR_T 1
| #define HAVE_ARGZ_APPEND 1
| #define HAVE_ARGZ_CREATE_SEP 1
| #define HAVE_ARGZ_INSERT 1
| #define HAVE_ARGZ_NEXT 1
| #define HAVE_ARGZ_STRINGIFY 1
| #define HAVE_ASSERT_H 1
| #define HAVE_CTYPE_H 1
| #define HAVE_ERRNO_H 1
| #define HAVE_MALLOC_H 1
| #define HAVE_MEMORY_H 1
| #define HAVE_STDLIB_H 1
| #define HAVE_STDIO_H 1
| #define HAVE_UNISTD_H 1
| /* end confdefs.h.  */
| #include <mach-o/dyld.h>
configure:21477: result: no
configure:21510: checking for mach-o/dyld.h
configure:21518: result: no
configure:21537: checking for string.h
configure:21543: result: yes
configure:21683: checking for strchr
configure:21739: gcc -o conftest -g -O2 -fPIC -fpermissive -Wwrite-strings  conftest.c  >&5
cc1: warning: command line option '-fpermissive' is valid for C++/ObjC++ but not for C
conftest.c:66:6: warning: conflicting types for built-in function 'strchr' [-Wbuiltin-declaration-mismatch]
 char strchr ();
      ^~~~~~
configure:21745: $? = 0
configure:21763: result: yes
configure:21778: checking for strrchr
configure:21834: gcc -o conftest -g -O2 -fPIC -fpermissive -Wwrite-strings  conftest.c  >&5
cc1: warning: command line option '-fpermissive' is valid for C++/ObjC++ but not for C
conftest.c:67:6: warning: conflicting types for built-in function 'strrchr' [-Wbuiltin-declaration-mismatch]
 char strrchr ();
      ^~~~~~~
configure:21840: $? = 0
configure:21858: result: yes
configure:21873: checking for memcpy
configure:21929: gcc -o conftest -g -O2 -fPIC -fpermissive -Wwrite-strings  conftest.c  >&5
cc1: warning: command line option '-fpermissive' is valid for C++/ObjC++ but not for C
conftest.c:68:6: warning: conflicting types for built-in function 'memcpy' [-Wbuiltin-declaration-mismatch]
 char memcpy ();
      ^~~~~~
configure:21935: $? = 0
configure:21953: result: yes
configure:21968: checking for memmove
configure:22024: gcc -o conftest -g -O2 -fPIC -fpermissive -Wwrite-strings  conftest.c  >&5
cc1: warning: command line option '-fpermissive' is valid for C++/ObjC++ but not for C
conftest.c:69:6: warning: conflicting types for built-in function 'memmove' [-Wbuiltin-declaration-mismatch]
 char memmove ();
      ^~~~~~~
configure:22030: $? = 0
configure:22048: result: yes
configure:21968: checking for strcmp
configure:22024: gcc -o conftest -g -O2 -fPIC -fpermissive -Wwrite-strings  conftest.c  >&5
cc1: warning: command line option '-fpermissive' is valid for C++/ObjC++ but not for C
conftest.c:70:6: warning: conflicting types for built-in function 'strcmp' [-Wbuiltin-declaration-mismatch]
 char strcmp ();
      ^~~~~~
configure:22030: $? = 0
configure:22048: result: yes
configure:22064: checking for closedir
configure:22120: gcc -o conftest -g -O2 -fPIC -fpermissive -Wwrite-strings  conftest.c  >&5
cc1: warning: command line option '-fpermissive' is valid for C++/ObjC++ but not for C
configure:22126: $? = 0
configure:22144: result: yes
configure:22064: checking for opendir
configure:22120: gcc -o conftest -g -O2 -fPIC -fpermissive -Wwrite-strings  conftest.c  >&5
cc1: warning: command line option '-fpermissive' is valid for C++/ObjC++ but not for C
configure:22126: $? = 0
configure:22144: result: yes
configure:22064: checking for readdir
configure:22120: gcc -o conftest -g -O2 -fPIC -fpermissive -Wwrite-strings  conftest.c  >&5
cc1: warning: command line option '-fpermissive' is valid for C++/ObjC++ but not for C
configure:22126: $? = 0
configure:22144: result: yes
configure:22297: creating ./config.status

## ---------------------- ##
## Running config.status. ##
## ---------------------- ##

This file was extended by libltdl config.status 1.2, which was
generated by GNU Autoconf 2.61.  Invocation command line was

  CONFIG_FILES    = 
  CONFIG_HEADERS  = 
  CONFIG_LINKS    = 
  CONFIG_COMMANDS = 
  $ ./config.status 

on truf-laptop

config.status:668: creating Makefile
config.status:668: creating config.h
config.status:927: config.h is unchanged
config.status:973: executing depfiles commands

## ---------------- ##
## Cache variables. ##
## ---------------- ##

ac_cv_build=x86_64-unknown-linux-gnu
ac_cv_c_compiler_gnu=yes
ac_cv_c_const=yes
ac_cv_c_inline=inline
ac_cv_cxx_compiler_gnu=yes
ac_cv_env_CCC_set=
ac_cv_env_CCC_value=
ac_cv_env_CC_set=
ac_cv_env_CC_value=
ac_cv_env_CFLAGS_set=
ac_cv_env_CFLAGS_value=
ac_cv_env_CPPFLAGS_set=set
ac_cv_env_CPPFLAGS_value='-fPIC -fpermissive -Wwrite-strings'
ac_cv_env_CPP_set=
ac_cv_env_CPP_value=
ac_cv_env_CXXCPP_set=
ac_cv_env_CXXCPP_value=
ac_cv_env_CXXFLAGS_set=
ac_cv_env_CXXFLAGS_value=
ac_cv_env_CXX_set=
ac_cv_env_CXX_value=
ac_cv_env_F77_set=
ac_cv_env_F77_value=
ac_cv_env_FFLAGS_set=
ac_cv_env_FFLAGS_value=
ac_cv_env_LDFLAGS_set=
ac_cv_env_LDFLAGS_value=
ac_cv_env_LIBS_set=
ac_cv_env_LIBS_value=
ac_cv_env_build_alias_set=
ac_cv_env_build_alias_value=
ac_cv_env_host_alias_set=
ac_cv_env_host_alias_value=
ac_cv_env_target_alias_set=
ac_cv_env_target_alias_value=
ac_cv_f77_compiler_gnu=yes
ac_cv_func_argz_append=yes
ac_cv_func_argz_create_sep=yes
ac_cv_func_argz_insert=yes
ac_cv_func_argz_next=yes
ac_cv_func_argz_stringify=yes
ac_cv_func_closedir=yes
ac_cv_func_dlerror=yes
ac_cv_func_memcpy=yes
ac_cv_func_memmove=yes
ac_cv_func_opendir=yes
ac_cv_func_readdir=yes
ac_cv_func_shl_load=no
ac_cv_func_strchr=yes
ac_cv_func_strcmp=yes
ac_cv_func_strrchr=yes
ac_cv_header_argz_h=yes
ac_cv_header_assert_h=yes
ac_cv_header_ctype_h=yes
ac_cv_header_dirent_dirent_h=yes
ac_cv_header_dl_h=no
ac_cv_header_dld_h=no
ac_cv_header_dlfcn_h=yes
ac_cv_header_errno_h=yes
ac_cv_header_inttypes_h=yes
ac_cv_header_mach_o_dyld_h=no
ac_cv_header_malloc_h=yes
ac_cv_header_memory_h=yes
ac_cv_header_stdc=yes
ac_cv_header_stdint_h=yes
ac_cv_header_stdio_h=yes
ac_cv_header_stdlib_h=yes
ac_cv_header_string_h=yes
ac_cv_header_strings_h=yes
ac_cv_header_sys_dl_h=no
ac_cv_header_sys_stat_h=yes
ac_cv_header_sys_types_h=yes
ac_cv_header_unistd_h=yes
ac_cv_host=x86_64-unknown-linux-gnu
ac_cv_lib_dl_dlopen=yes
ac_cv_lib_dld_shl_load=no
ac_cv_objext=o
ac_cv_path_EGREP='/bin/grep -E'
ac_cv_path_GREP=/bin/grep
ac_cv_path_install='/usr/bin/install -c'
ac_cv_prog_AWK=gawk
ac_cv_prog_CPP='gcc -E'
ac_cv_prog_CXXCPP='g++ -E'
ac_cv_prog_ac_ct_AR=ar
ac_cv_prog_ac_ct_CC=gcc
ac_cv_prog_ac_ct_CXX=g++
ac_cv_prog_ac_ct_F77=f77
ac_cv_prog_ac_ct_RANLIB=ranlib
ac_cv_prog_ac_ct_STRIP=strip
ac_cv_prog_cc_c89=
ac_cv_prog_cc_g=yes
ac_cv_prog_cxx_g=yes
ac_cv_prog_f77_g=yes
ac_cv_prog_make_make_set=yes
ac_cv_search_opendir='none required'
ac_cv_sys_symbol_underscore=no
ac_cv_type_error_t=yes
am_cv_CC_dependencies_compiler_type=none
am_cv_CXX_dependencies_compiler_type=none
libltdl_cv_lib_dl_dlopen=yes
libltdl_cv_objdir=.libs
libltdl_cv_preloaded_symbols=yes
libltdl_cv_shlibext=.so
libltdl_cv_shlibpath_var=LD_LIBRARY_PATH
libltdl_cv_sys_dlopen_deplibs=yes
libltdl_cv_sys_search_path='/lib /usr/lib /usr/lib/x86_64-linux-gnu/libfakeroot /usr/local/lib/i386-linux-gnu /lib/i386-linux-gnu /usr/lib/i386-linux-gnu /usr/local/lib/i686-linux-gnu /lib/i686-linux-gnu /usr/lib/i686-linux-gnu /usr/local/lib /usr/local/lib/x86_64-linux-gnu /lib/x86_64-linux-gnu /usr/lib/x86_64-linux-gnu /lib32 /usr/lib32 /libx32 /usr/libx32 '
lt_cv_deplibs_check_method=pass_all
lt_cv_file_magic_cmd='$MAGIC_CMD'
lt_cv_file_magic_test_file=
lt_cv_ld_reload_flag=-r
lt_cv_objdir=.libs
lt_cv_path_LD=/usr/bin/ld
lt_cv_path_LDCXX='/usr/bin/ld -m elf_x86_64'
lt_cv_path_NM='/usr/bin/nm -B'
lt_cv_path_SED=/bin/sed
lt_cv_prog_compiler_c_o=yes
lt_cv_prog_compiler_c_o_CXX=yes
lt_cv_prog_compiler_c_o_F77=yes
lt_cv_prog_compiler_rtti_exceptions=no
lt_cv_prog_gnu_ld=yes
lt_cv_prog_gnu_ldcxx=yes
lt_cv_sys_global_symbol_pipe='sed -n -e '\''s/^.*[ 	]\([ABCDGIRSTW][ABCDGIRSTW]*\)[ 	][ 	]*\([_A-Za-z][_A-Za-z0-9]*\)$/\1 \2 \2/p'\'''
lt_cv_sys_global_symbol_to_c_name_address='sed -n -e '\''s/^: \([^ ]*\) $/  {\"\1\", (lt_ptr) 0},/p'\'' -e '\''s/^[BCDEGRST] \([^ ]*\) \([^ ]*\)$/  {"\2", (lt_ptr) \&\2},/p'\'''
lt_cv_sys_global_symbol_to_cdecl='sed -n -e '\''s/^. .* \(.*\)$/extern int \1;/p'\'''
lt_cv_sys_max_cmd_len=32768
lt_lt_cv_prog_compiler_c_o='"yes"'
lt_lt_cv_prog_compiler_c_o_CXX='"yes"'
lt_lt_cv_prog_compiler_c_o_F77='"yes"'
lt_lt_cv_sys_global_symbol_pipe='"sed -n -e '\''s/^.*[ 	]\\([ABCDGIRSTW][ABCDGIRSTW]*\\)[ 	][ 	]*\\([_A-Za-z][_A-Za-z0-9]*\\)\$/\\1 \\2 \\2/p'\''"'
lt_lt_cv_sys_global_symbol_to_c_name_address='"sed -n -e '\''s/^: \\([^ ]*\\) \$/  {\\\"\\1\\\", (lt_ptr) 0},/p'\'' -e '\''s/^[BCDEGRST] \\([^ ]*\\) \\([^ ]*\\)\$/  {\"\\2\", (lt_ptr) \\&\\2},/p'\''"'
lt_lt_cv_sys_global_symbol_to_cdecl='"sed -n -e '\''s/^. .* \\(.*\\)\$/extern int \\1;/p'\''"'

## ----------------- ##
## Output variables. ##
## ----------------- ##

ACLOCAL='${SHELL} /home/truf/iscan/iscan-2.10.0/libltdl/missing --run aclocal-1.9'
AMDEPBACKSLASH='\'
AMDEP_FALSE='#'
AMDEP_TRUE=''
AMTAR='${SHELL} /home/truf/iscan/iscan-2.10.0/libltdl/missing --run tar'
AR='ar'
AS='as'
AUTOCONF='${SHELL} /home/truf/iscan/iscan-2.10.0/libltdl/missing --run autoconf'
AUTOHEADER='${SHELL} /home/truf/iscan/iscan-2.10.0/libltdl/missing --run autoheader'
AUTOMAKE='${SHELL} /home/truf/iscan/iscan-2.10.0/libltdl/missing --run automake-1.9'
AWK='gawk'
CC='gcc'
CCDEPMODE='depmode=none'
CFLAGS='-g -O2'
CONVENIENCE_LTDL_FALSE='#'
CONVENIENCE_LTDL_TRUE=''
CPP='gcc -E'
CPPFLAGS='-fPIC -fpermissive -Wwrite-strings'
CXX='g++'
CXXCPP='g++ -E'
CXXDEPMODE='depmode=none'
CXXFLAGS='-g -O2'
CYGPATH_W='echo'
DEFS='-DHAVE_CONFIG_H'
DEPDIR='.deps'
DLLTOOL='dlltool'
ECHO='echo'
ECHO_C=''
ECHO_N='-n'
ECHO_T=''
EGREP='/bin/grep -E'
EXEEXT=''
F77='f77'
FFLAGS='-g -O2'
GREP='/bin/grep'
INSTALL_DATA='${INSTALL} -m 644'
INSTALL_LTDL_FALSE=''
INSTALL_LTDL_TRUE='#'
INSTALL_PROGRAM='${INSTALL}'
INSTALL_SCRIPT='${INSTALL}'
INSTALL_STRIP_PROGRAM='${SHELL} $(install_sh) -c -s'
LDFLAGS=''
LIBADD_DL='-ldl'
LIBOBJS=''
LIBS=''
LIBTOOL='$(SHELL) $(top_builddir)/libtool'
LIBTOOL_DEPS='./ltmain.sh'
LN_S='ln -s'
LTLIBOBJS=''
MAKEINFO='${SHELL} /home/truf/iscan/iscan-2.10.0/libltdl/missing --run makeinfo'
OBJDUMP='objdump'
OBJEXT='o'
PACKAGE='libltdl'
PACKAGE_BUGREPORT='bug-libtool@gnu.org'
PACKAGE_NAME='libltdl'
PACKAGE_STRING='libltdl 1.2'
PACKAGE_TARNAME='libltdl'
PACKAGE_VERSION='1.2'
PATH_SEPARATOR=':'
RANLIB='ranlib'
SET_MAKE=''
SHELL='/bin/bash'
STRIP='strip'
VERSION='1.2'
ac_ct_CC='gcc'
ac_ct_CXX='g++'
ac_ct_F77='f77'
am__fastdepCC_FALSE=''
am__fastdepCC_TRUE='#'
am__fastdepCXX_FALSE=''
am__fastdepCXX_TRUE='#'
am__include='include'
am__leading_dot='.'
am__quote=''
am__tar='${AMTAR} chof - "$$tardir"'
am__untar='${AMTAR} xf -'
bindir='${exec_prefix}/bin'
build='x86_64-unknown-linux-gnu'
build_alias=''
build_cpu='x86_64'
build_os='linux-gnu'
build_vendor='unknown'
datadir='${datarootdir}'
datarootdir='${prefix}/share'
docdir='${datarootdir}/doc/${PACKAGE_TARNAME}'
dvidir='${docdir}'
exec_prefix='${prefix}'
host='x86_64-unknown-linux-gnu'
host_alias=''
host_cpu='x86_64'
host_os='linux-gnu'
host_vendor='unknown'
htmldir='${docdir}'
includedir='${prefix}/include'
infodir='${datarootdir}/info'
install_sh='/home/truf/iscan/iscan-2.10.0/libltdl/install-sh'
libdir='${exec_prefix}/lib'
libexecdir='${exec_prefix}/libexec'
localedir='${datarootdir}/locale'
localstatedir='${prefix}/var'
mandir='${datarootdir}/man'
mkdir_p='mkdir -p --'
oldincludedir='/usr/include'
pdfdir='${docdir}'
prefix='/usr/local'
program_transform_name='s,x,x,'
psdir='${docdir}'
sbindir='${exec_prefix}/sbin'
sharedstatedir='${prefix}/com'
sysconfdir='${prefix}/etc'
target_alias=''

## ----------- ##
## confdefs.h. ##
## ----------- ##

#define PACKAGE_NAME "libltdl"
#define PACKAGE_TARNAME "libltdl"
#define PACKAGE_VERSION "1.2"
#define PACKAGE_STRING "libltdl 1.2"
#define PACKAGE_BUGREPORT "bug-libtool@gnu.org"
#define STDC_HEADERS 1
#define HAVE_SYS_TYPES_H 1
#define HAVE_SYS_STAT_H 1
#define HAVE_STDLIB_H 1
#define HAVE_STRING_H 1
#define HAVE_MEMORY_H 1
#define HAVE_STRINGS_H 1
#define HAVE_INTTYPES_H 1
#define HAVE_STDINT_H 1
#define HAVE_UNISTD_H 1
#define HAVE_DLFCN_H 1
#define HAVE_DIRENT_H 1
#define LTDL_SHLIB_EXT ".so"
#define LTDL_SHLIBPATH_VAR "LD_LIBRARY_PATH"
#define LTDL_SYSSEARCHPATH "/lib:/usr/lib:/usr/lib/x86_64-linux-gnu/libfakeroot:/usr/local/lib/i386-linux-gnu:/lib/i386-linux-gnu:/usr/lib/i386-linux-gnu:/usr/local/lib/i686-linux-gnu:/lib/i686-linux-gnu:/usr/lib/i686-linux-gnu:/usr/local/lib:/usr/local/lib/x86_64-linux-gnu:/lib/x86_64-linux-gnu:/usr/lib/x86_64-linux-gnu:/lib32:/usr/lib32:/libx32:/usr/libx32"
#define LTDL_OBJDIR ".libs/"
#define HAVE_PRELOADED_SYMBOLS 1
#define HAVE_LIBDL 1
#define HAVE_DLERROR 1
#define HAVE_ARGZ_H 1
#define HAVE_ERROR_T 1
#define HAVE_ARGZ_APPEND 1
#define HAVE_ARGZ_CREATE_SEP 1
#define HAVE_ARGZ_INSERT 1
#define HAVE_ARGZ_NEXT 1
#define HAVE_ARGZ_STRINGIFY 1
#define HAVE_ASSERT_H 1
#define HAVE_CTYPE_H 1
#define HAVE_ERRNO_H 1
#define HAVE_MALLOC_H 1
#define HAVE_MEMORY_H 1
#define HAVE_STDLIB_H 1
#define HAVE_STDIO_H 1
#define HAVE_UNISTD_H 1
#define HAVE_STRING_H 1
#define HAVE_STRCHR 1
#define HAVE_STRRCHR 1
#define HAVE_MEMCPY 1
#define HAVE_MEMMOVE 1
#define HAVE_STRCMP 1
#define HAVE_CLOSEDIR 1
#define HAVE_OPENDIR 1
#define HAVE_READDIR 1

configure: exit 0
